{"/Users/uweradivine/MY_BRAND_BE/src/app.ts": {"path":"/Users/uweradivine/MY_BRAND_BE/src/app.ts","statementMap":{"0":{"start":{"line":2,"column":0},"end":{"line":2,"column":30}},"1":{"start":{"line":3,"column":0},"end":{"line":3,"column":45}},"2":{"start":{"line":4,"column":0},"end":{"line":4,"column":51}},"3":{"start":{"line":5,"column":0},"end":{"line":5,"column":51}},"4":{"start":{"line":6,"column":0},"end":{"line":6,"column":45}},"5":{"start":{"line":7,"column":0},"end":{"line":7,"column":45}},"6":{"start":{"line":9,"column":0},"end":{"line":9,"column":50}},"7":{"start":{"line":10,"column":0},"end":{"line":10,"column":43}},"8":{"start":{"line":11,"column":0},"end":{"line":11,"column":24}},"9":{"start":{"line":12,"column":12},"end":{"line":12,"column":21}},"10":{"start":{"line":14,"column":0},"end":{"line":14,"column":24}},"11":{"start":{"line":15,"column":0},"end":{"line":15,"column":16}},"12":{"start":{"line":16,"column":0},"end":{"line":16,"column":34}},"13":{"start":{"line":17,"column":0},"end":{"line":17,"column":37}},"14":{"start":{"line":18,"column":0},"end":{"line":18,"column":40}},"15":{"start":{"line":19,"column":0},"end":{"line":19,"column":34}},"16":{"start":{"line":20,"column":0},"end":{"line":20,"column":null}},"17":{"start":{"line":21,"column":0},"end":{"line":21,"column":null}},"18":{"start":{"line":23,"column":0},"end":{"line":23,"column":19}}},"fnMap":{},"branchMap":{},"s":{"0":1,"1":1,"2":1,"3":1,"4":1,"5":1,"6":1,"7":1,"8":1,"9":1,"10":1,"11":1,"12":1,"13":1,"14":1,"15":1,"16":1,"17":1,"18":1},"f":{},"b":{}}
,"/Users/uweradivine/MY_BRAND_BE/src/controllers/blogController.ts": {"path":"/Users/uweradivine/MY_BRAND_BE/src/controllers/blogController.ts","statementMap":{"0":{"start":{"line":2,"column":0},"end":{"line":2,"column":34}},"1":{"start":{"line":3,"column":0},"end":{"line":3,"column":33}},"2":{"start":{"line":4,"column":0},"end":{"line":4,"column":36}},"3":{"start":{"line":5,"column":0},"end":{"line":5,"column":74}},"4":{"start":{"line":7,"column":0},"end":{"line":7,"column":45}},"5":{"start":{"line":20,"column":39},"end":{"line":29,"column":2}},"6":{"start":{"line":22,"column":21},"end":{"line":29,"column":2}},"7":{"start":{"line":23,"column":2},"end":{"line":28,"column":3}},"8":{"start":{"line":24,"column":19},"end":{"line":24,"column":65}},"9":{"start":{"line":25,"column":4},"end":{"line":25,"column":29}},"10":{"start":{"line":27,"column":4},"end":{"line":27,"column":59}},"11":{"start":{"line":20,"column":13},"end":{"line":20,"column":39}},"12":{"start":{"line":31,"column":28},"end":{"line":37,"column":2}},"13":{"start":{"line":31,"column":55},"end":{"line":37,"column":2}},"14":{"start":{"line":33,"column":2},"end":{"line":36,"column":4}},"15":{"start":{"line":31,"column":13},"end":{"line":31,"column":28}},"16":{"start":{"line":39,"column":31},"end":{"line":42,"column":2}},"17":{"start":{"line":39,"column":56},"end":{"line":42,"column":2}},"18":{"start":{"line":41,"column":2},"end":{"line":41,"column":72}},"19":{"start":{"line":39,"column":13},"end":{"line":39,"column":31}},"20":{"start":{"line":44,"column":26},"end":{"line":67,"column":2}},"21":{"start":{"line":44,"column":64},"end":{"line":67,"column":2}},"22":{"start":{"line":45,"column":2},"end":{"line":66,"column":3}},"23":{"start":{"line":46,"column":31},"end":{"line":46,"column":39}},"24":{"start":{"line":48,"column":22},"end":{"line":48,"column":71}},"25":{"start":{"line":49,"column":4},"end":{"line":51,"column":5}},"26":{"start":{"line":50,"column":6},"end":{"line":50,"column":71}},"27":{"start":{"line":53,"column":4},"end":{"line":55,"column":5}},"28":{"start":{"line":54,"column":6},"end":{"line":54,"column":66}},"29":{"start":{"line":56,"column":21},"end":{"line":56,"column":68}},"30":{"start":{"line":57,"column":17},"end":{"line":61,"column":6}},"31":{"start":{"line":63,"column":4},"end":{"line":63,"column":31}},"32":{"start":{"line":65,"column":4},"end":{"line":65,"column":51}},"33":{"start":{"line":44,"column":13},"end":{"line":44,"column":26}},"34":{"start":{"line":69,"column":24},"end":{"line":76,"column":2}},"35":{"start":{"line":69,"column":62},"end":{"line":76,"column":2}},"36":{"start":{"line":70,"column":2},"end":{"line":75,"column":3}},"37":{"start":{"line":71,"column":18},"end":{"line":71,"column":35}},"38":{"start":{"line":72,"column":4},"end":{"line":72,"column":20}},"39":{"start":{"line":74,"column":4},"end":{"line":74,"column":62}},"40":{"start":{"line":69,"column":13},"end":{"line":69,"column":24}},"41":{"start":{"line":78,"column":27},"end":{"line":88,"column":2}},"42":{"start":{"line":78,"column":65},"end":{"line":88,"column":2}},"43":{"start":{"line":79,"column":2},"end":{"line":87,"column":3}},"44":{"start":{"line":80,"column":17},"end":{"line":80,"column":51}},"45":{"start":{"line":81,"column":4},"end":{"line":83,"column":5}},"46":{"start":{"line":82,"column":6},"end":{"line":82,"column":65}},"47":{"start":{"line":84,"column":4},"end":{"line":84,"column":19}},"48":{"start":{"line":86,"column":4},"end":{"line":86,"column":62}},"49":{"start":{"line":78,"column":13},"end":{"line":78,"column":27}},"50":{"start":{"line":90,"column":26},"end":{"line":99,"column":2}},"51":{"start":{"line":90,"column":64},"end":{"line":99,"column":2}},"52":{"start":{"line":91,"column":2},"end":{"line":98,"column":3}},"53":{"start":{"line":92,"column":17},"end":{"line":94,"column":6}},"54":{"start":{"line":95,"column":4},"end":{"line":95,"column":19}},"55":{"start":{"line":97,"column":4},"end":{"line":97,"column":51}},"56":{"start":{"line":90,"column":13},"end":{"line":90,"column":26}},"57":{"start":{"line":101,"column":26},"end":{"line":108,"column":2}},"58":{"start":{"line":101,"column":64},"end":{"line":108,"column":2}},"59":{"start":{"line":102,"column":2},"end":{"line":107,"column":3}},"60":{"start":{"line":103,"column":4},"end":{"line":103,"column":48}},"61":{"start":{"line":104,"column":4},"end":{"line":104,"column":42}},"62":{"start":{"line":106,"column":4},"end":{"line":106,"column":62}},"63":{"start":{"line":101,"column":13},"end":{"line":101,"column":26}}},"fnMap":{"0":{"name":"(anonymous_8)","decl":{"start":{"line":20,"column":39},"end":{"line":20,"column":null}},"loc":{"start":{"line":22,"column":21},"end":{"line":29,"column":2}}},"1":{"name":"(anonymous_9)","decl":{"start":{"line":22,"column":21},"end":{"line":22,"column":null}},"loc":{"start":{"line":22,"column":21},"end":{"line":29,"column":1}}},"2":{"name":"(anonymous_10)","decl":{"start":{"line":31,"column":28},"end":{"line":31,"column":53}},"loc":{"start":{"line":31,"column":55},"end":{"line":37,"column":2}}},"3":{"name":"(anonymous_11)","decl":{"start":{"line":31,"column":55},"end":{"line":31,"column":null}},"loc":{"start":{"line":31,"column":55},"end":{"line":37,"column":1}}},"4":{"name":"(anonymous_12)","decl":{"start":{"line":39,"column":31},"end":{"line":39,"column":54}},"loc":{"start":{"line":39,"column":56},"end":{"line":42,"column":2}}},"5":{"name":"(anonymous_13)","decl":{"start":{"line":39,"column":56},"end":{"line":39,"column":null}},"loc":{"start":{"line":39,"column":56},"end":{"line":42,"column":1}}},"6":{"name":"(anonymous_14)","decl":{"start":{"line":44,"column":26},"end":{"line":44,"column":33}},"loc":{"start":{"line":44,"column":64},"end":{"line":67,"column":2}}},"7":{"name":"(anonymous_15)","decl":{"start":{"line":44,"column":64},"end":{"line":44,"column":null}},"loc":{"start":{"line":44,"column":64},"end":{"line":67,"column":1}}},"8":{"name":"(anonymous_16)","decl":{"start":{"line":69,"column":24},"end":{"line":69,"column":31}},"loc":{"start":{"line":69,"column":62},"end":{"line":76,"column":2}}},"9":{"name":"(anonymous_17)","decl":{"start":{"line":69,"column":62},"end":{"line":69,"column":null}},"loc":{"start":{"line":69,"column":62},"end":{"line":76,"column":1}}},"10":{"name":"(anonymous_18)","decl":{"start":{"line":78,"column":27},"end":{"line":78,"column":34}},"loc":{"start":{"line":78,"column":65},"end":{"line":88,"column":2}}},"11":{"name":"(anonymous_19)","decl":{"start":{"line":78,"column":65},"end":{"line":78,"column":null}},"loc":{"start":{"line":78,"column":65},"end":{"line":88,"column":1}}},"12":{"name":"(anonymous_20)","decl":{"start":{"line":90,"column":26},"end":{"line":90,"column":33}},"loc":{"start":{"line":90,"column":64},"end":{"line":99,"column":2}}},"13":{"name":"(anonymous_21)","decl":{"start":{"line":90,"column":64},"end":{"line":90,"column":null}},"loc":{"start":{"line":90,"column":64},"end":{"line":99,"column":1}}},"14":{"name":"(anonymous_22)","decl":{"start":{"line":101,"column":26},"end":{"line":101,"column":33}},"loc":{"start":{"line":101,"column":64},"end":{"line":108,"column":2}}},"15":{"name":"(anonymous_23)","decl":{"start":{"line":101,"column":64},"end":{"line":101,"column":null}},"loc":{"start":{"line":101,"column":64},"end":{"line":108,"column":1}}}},"branchMap":{"0":{"loc":{"start":{"line":49,"column":4},"end":{"line":51,"column":5}},"type":"if","locations":[{"start":{"line":49,"column":4},"end":{"line":51,"column":5}}]},"1":{"loc":{"start":{"line":53,"column":4},"end":{"line":55,"column":5}},"type":"if","locations":[{"start":{"line":53,"column":4},"end":{"line":55,"column":5}}]},"2":{"loc":{"start":{"line":81,"column":4},"end":{"line":83,"column":5}},"type":"if","locations":[{"start":{"line":81,"column":4},"end":{"line":83,"column":5}}]}},"s":{"0":1,"1":1,"2":1,"3":1,"4":1,"5":1,"6":0,"7":0,"8":0,"9":0,"10":0,"11":1,"12":1,"13":0,"14":0,"15":1,"16":1,"17":0,"18":0,"19":1,"20":1,"21":0,"22":0,"23":0,"24":0,"25":0,"26":0,"27":0,"28":0,"29":0,"30":0,"31":0,"32":0,"33":1,"34":1,"35":1,"36":1,"37":1,"38":1,"39":0,"40":1,"41":1,"42":0,"43":0,"44":0,"45":0,"46":0,"47":0,"48":0,"49":1,"50":1,"51":0,"52":0,"53":0,"54":0,"55":0,"56":1,"57":1,"58":0,"59":0,"60":0,"61":0,"62":0,"63":1},"f":{"0":0,"1":0,"2":0,"3":0,"4":0,"5":0,"6":0,"7":0,"8":1,"9":1,"10":0,"11":0,"12":0,"13":0,"14":0,"15":0},"b":{"0":[0],"1":[0],"2":[0]}}
,"/Users/uweradivine/MY_BRAND_BE/src/controllers/commentController.ts": {"path":"/Users/uweradivine/MY_BRAND_BE/src/controllers/commentController.ts","statementMap":{"0":{"start":{"line":117,"column":0},"end":{"line":117,"column":40}},"1":{"start":{"line":118,"column":0},"end":{"line":118,"column":64}},"2":{"start":{"line":136,"column":4},"end":{"line":136,"column":19}},"3":{"start":{"line":137,"column":4},"end":{"line":137,"column":19}},"4":{"start":{"line":141,"column":4},"end":{"line":144,"column":7}},"5":{"start":{"line":148,"column":14},"end":{"line":157,"column":1}},"6":{"start":{"line":149,"column":2},"end":{"line":149,"column":21}},"7":{"start":{"line":151,"column":2},"end":{"line":154,"column":3}},"8":{"start":{"line":153,"column":4},"end":{"line":153,"column":66}},"9":{"start":{"line":156,"column":2},"end":{"line":156,"column":61}},"10":{"start":{"line":159,"column":9},"end":{"line":159,"column":14}},"11":{"start":{"line":161,"column":29},"end":{"line":188,"column":2}},"12":{"start":{"line":161,"column":75},"end":{"line":188,"column":2}},"13":{"start":{"line":162,"column":19},"end":{"line":162,"column":47}},"14":{"start":{"line":163,"column":2},"end":{"line":187,"column":3}},"15":{"start":{"line":164,"column":29},"end":{"line":164,"column":61}},"16":{"start":{"line":166,"column":4},"end":{"line":168,"column":5}},"17":{"start":{"line":167,"column":6},"end":{"line":167,"column":53}},"18":{"start":{"line":170,"column":37},"end":{"line":170,"column":42}},"19":{"start":{"line":171,"column":27},"end":{"line":171,"column":37}},"20":{"start":{"line":172,"column":23},"end":{"line":178,"column":6}},"21":{"start":{"line":179,"column":25},"end":{"line":179,"column":48}},"22":{"start":{"line":180,"column":4},"end":{"line":184,"column":6}},"23":{"start":{"line":186,"column":4},"end":{"line":186,"column":22}},"24":{"start":{"line":161,"column":13},"end":{"line":161,"column":29}},"25":{"start":{"line":190,"column":35},"end":{"line":199,"column":2}},"26":{"start":{"line":190,"column":88},"end":{"line":199,"column":2}},"27":{"start":{"line":191,"column":2},"end":{"line":198,"column":3}},"28":{"start":{"line":192,"column":23},"end":{"line":192,"column":33}},"29":{"start":{"line":193,"column":21},"end":{"line":193,"column":57}},"30":{"start":{"line":194,"column":4},"end":{"line":194,"column":23}},"31":{"start":{"line":196,"column":4},"end":{"line":196,"column":25}},"32":{"start":{"line":197,"column":4},"end":{"line":197,"column":63}},"33":{"start":{"line":190,"column":13},"end":{"line":190,"column":35}},"34":{"start":{"line":201,"column":29},"end":{"line":212,"column":2}},"35":{"start":{"line":201,"column":82},"end":{"line":212,"column":2}},"36":{"start":{"line":202,"column":2},"end":{"line":211,"column":3}},"37":{"start":{"line":203,"column":19},"end":{"line":203,"column":29}},"38":{"start":{"line":204,"column":24},"end":{"line":204,"column":32}},"39":{"start":{"line":206,"column":27},"end":{"line":206,"column":90}},"40":{"start":{"line":207,"column":4},"end":{"line":207,"column":29}},"41":{"start":{"line":209,"column":4},"end":{"line":209,"column":25}},"42":{"start":{"line":210,"column":4},"end":{"line":210,"column":63}},"43":{"start":{"line":201,"column":13},"end":{"line":201,"column":29}},"44":{"start":{"line":214,"column":29},"end":{"line":223,"column":2}},"45":{"start":{"line":214,"column":82},"end":{"line":223,"column":2}},"46":{"start":{"line":215,"column":2},"end":{"line":222,"column":3}},"47":{"start":{"line":216,"column":19},"end":{"line":216,"column":29}},"48":{"start":{"line":217,"column":4},"end":{"line":217,"column":40}},"49":{"start":{"line":218,"column":4},"end":{"line":218,"column":24}},"50":{"start":{"line":221,"column":4},"end":{"line":221,"column":63}},"51":{"start":{"line":214,"column":13},"end":{"line":214,"column":29}}},"fnMap":{"0":{"name":"(anonymous_8)","decl":{"start":{"line":135,"column":2},"end":{"line":135,"column":14}},"loc":{"start":{"line":135,"column":41},"end":{"line":138,"column":3}}},"1":{"name":"(anonymous_9)","decl":{"start":{"line":140,"column":2},"end":{"line":140,"column":6}},"loc":{"start":{"line":140,"column":50},"end":{"line":145,"column":3}}},"2":{"name":"(anonymous_10)","decl":{"start":{"line":148,"column":14},"end":{"line":148,"column":15}},"loc":{"start":{"line":148,"column":44},"end":{"line":157,"column":1}}},"3":{"name":"(anonymous_11)","decl":{"start":{"line":161,"column":29},"end":{"line":161,"column":36}},"loc":{"start":{"line":161,"column":75},"end":{"line":188,"column":2}}},"4":{"name":"(anonymous_12)","decl":{"start":{"line":161,"column":75},"end":{"line":161,"column":null}},"loc":{"start":{"line":161,"column":75},"end":{"line":188,"column":1}}},"5":{"name":"(anonymous_13)","decl":{"start":{"line":190,"column":35},"end":{"line":190,"column":42}},"loc":{"start":{"line":190,"column":88},"end":{"line":199,"column":2}}},"6":{"name":"(anonymous_14)","decl":{"start":{"line":190,"column":88},"end":{"line":190,"column":null}},"loc":{"start":{"line":190,"column":88},"end":{"line":199,"column":1}}},"7":{"name":"(anonymous_15)","decl":{"start":{"line":201,"column":29},"end":{"line":201,"column":36}},"loc":{"start":{"line":201,"column":82},"end":{"line":212,"column":2}}},"8":{"name":"(anonymous_16)","decl":{"start":{"line":201,"column":82},"end":{"line":201,"column":null}},"loc":{"start":{"line":201,"column":82},"end":{"line":212,"column":1}}},"9":{"name":"(anonymous_17)","decl":{"start":{"line":214,"column":29},"end":{"line":214,"column":36}},"loc":{"start":{"line":214,"column":82},"end":{"line":223,"column":2}}},"10":{"name":"(anonymous_18)","decl":{"start":{"line":214,"column":82},"end":{"line":214,"column":null}},"loc":{"start":{"line":214,"column":82},"end":{"line":223,"column":1}}}},"branchMap":{"0":{"loc":{"start":{"line":151,"column":2},"end":{"line":154,"column":3}},"type":"if","locations":[{"start":{"line":151,"column":2},"end":{"line":154,"column":3}}]},"1":{"loc":{"start":{"line":151,"column":6},"end":{"line":151,"column":61}},"type":"binary-expr","locations":[{"start":{"line":151,"column":6},"end":{"line":151,"column":32}},{"start":{"line":151,"column":36},"end":{"line":151,"column":61}}]},"2":{"loc":{"start":{"line":166,"column":4},"end":{"line":168,"column":5}},"type":"if","locations":[{"start":{"line":166,"column":4},"end":{"line":168,"column":5}}]}},"s":{"0":1,"1":1,"2":1,"3":1,"4":1,"5":1,"6":0,"7":0,"8":0,"9":0,"10":1,"11":1,"12":1,"13":1,"14":1,"15":1,"16":1,"17":1,"18":0,"19":0,"20":0,"21":0,"22":0,"23":0,"24":1,"25":1,"26":1,"27":1,"28":1,"29":1,"30":1,"31":0,"32":0,"33":1,"34":1,"35":0,"36":0,"37":0,"38":0,"39":0,"40":0,"41":0,"42":0,"43":1,"44":1,"45":1,"46":1,"47":1,"48":1,"49":0,"50":1,"51":1},"f":{"0":1,"1":1,"2":0,"3":1,"4":1,"5":1,"6":1,"7":0,"8":0,"9":1,"10":1},"b":{"0":[0],"1":[0,0],"2":[1]}}
,"/Users/uweradivine/MY_BRAND_BE/src/controllers/likeController.ts": {"path":"/Users/uweradivine/MY_BRAND_BE/src/controllers/likeController.ts","statementMap":{"0":{"start":{"line":2,"column":0},"end":{"line":2,"column":34}},"1":{"start":{"line":3,"column":0},"end":{"line":3,"column":56}},"2":{"start":{"line":5,"column":26},"end":{"line":19,"column":2}},"3":{"start":{"line":5,"column":64},"end":{"line":19,"column":2}},"4":{"start":{"line":6,"column":2},"end":{"line":18,"column":1}},"5":{"start":{"line":7,"column":29},"end":{"line":7,"column":37}},"6":{"start":{"line":8,"column":29},"end":{"line":8,"column":66}},"7":{"start":{"line":9,"column":4},"end":{"line":11,"column":5}},"8":{"start":{"line":10,"column":6},"end":{"line":10,"column":48}},"9":{"start":{"line":13,"column":18},"end":{"line":13,"column":44}},"10":{"start":{"line":14,"column":4},"end":{"line":14,"column":23}},"11":{"start":{"line":15,"column":4},"end":{"line":15,"column":67}},"12":{"start":{"line":17,"column":4},"end":{"line":17,"column":53}},"13":{"start":{"line":5,"column":13},"end":{"line":5,"column":26}},"14":{"start":{"line":20,"column":24},"end":{"line":30,"column":2}},"15":{"start":{"line":20,"column":62},"end":{"line":30,"column":2}},"16":{"start":{"line":21,"column":2},"end":{"line":29,"column":3}},"17":{"start":{"line":22,"column":23},"end":{"line":22,"column":33}},"18":{"start":{"line":23,"column":18},"end":{"line":23,"column":45}},"19":{"start":{"line":26,"column":4},"end":{"line":26,"column":36}},"20":{"start":{"line":28,"column":4},"end":{"line":28,"column":63}},"21":{"start":{"line":20,"column":13},"end":{"line":20,"column":24}},"22":{"start":{"line":31,"column":22},"end":{"line":46,"column":2}},"23":{"start":{"line":31,"column":60},"end":{"line":46,"column":2}},"24":{"start":{"line":32,"column":2},"end":{"line":45,"column":3}},"25":{"start":{"line":33,"column":21},"end":{"line":33,"column":34}},"26":{"start":{"line":35,"column":19},"end":{"line":35,"column":36}},"27":{"start":{"line":37,"column":6},"end":{"line":37,"column":21}},"28":{"start":{"line":39,"column":18},"end":{"line":39,"column":71}},"29":{"start":{"line":41,"column":2},"end":{"line":41,"column":23}},"30":{"start":{"line":44,"column":6},"end":{"line":44,"column":64}},"31":{"start":{"line":31,"column":13},"end":{"line":31,"column":22}}},"fnMap":{"0":{"name":"(anonymous_8)","decl":{"start":{"line":5,"column":26},"end":{"line":5,"column":33}},"loc":{"start":{"line":5,"column":64},"end":{"line":19,"column":2}}},"1":{"name":"(anonymous_9)","decl":{"start":{"line":5,"column":64},"end":{"line":5,"column":null}},"loc":{"start":{"line":5,"column":64},"end":{"line":19,"column":1}}},"2":{"name":"(anonymous_10)","decl":{"start":{"line":20,"column":24},"end":{"line":20,"column":31}},"loc":{"start":{"line":20,"column":62},"end":{"line":30,"column":2}}},"3":{"name":"(anonymous_11)","decl":{"start":{"line":20,"column":62},"end":{"line":20,"column":null}},"loc":{"start":{"line":20,"column":62},"end":{"line":30,"column":1}}},"4":{"name":"(anonymous_12)","decl":{"start":{"line":31,"column":22},"end":{"line":31,"column":29}},"loc":{"start":{"line":31,"column":60},"end":{"line":46,"column":2}}},"5":{"name":"(anonymous_13)","decl":{"start":{"line":31,"column":60},"end":{"line":31,"column":null}},"loc":{"start":{"line":31,"column":60},"end":{"line":46,"column":1}}}},"branchMap":{"0":{"loc":{"start":{"line":9,"column":4},"end":{"line":11,"column":5}},"type":"if","locations":[{"start":{"line":9,"column":4},"end":{"line":11,"column":5}}]}},"s":{"0":1,"1":1,"2":1,"3":3,"4":3,"5":3,"6":3,"7":3,"8":2,"9":1,"10":1,"11":1,"12":2,"13":1,"14":1,"15":0,"16":0,"17":0,"18":0,"19":0,"20":0,"21":1,"22":1,"23":0,"24":0,"25":0,"26":0,"27":0,"28":0,"29":0,"30":0,"31":1},"f":{"0":3,"1":3,"2":0,"3":0,"4":0,"5":0},"b":{"0":[2]}}
,"/Users/uweradivine/MY_BRAND_BE/src/controllers/messageController.ts": {"path":"/Users/uweradivine/MY_BRAND_BE/src/controllers/messageController.ts","statementMap":{"0":{"start":{"line":75,"column":0},"end":{"line":75,"column":54}},"1":{"start":{"line":76,"column":0},"end":{"line":76,"column":64}},"2":{"start":{"line":78,"column":29},"end":{"line":98,"column":2}},"3":{"start":{"line":81,"column":19},"end":{"line":98,"column":2}},"4":{"start":{"line":82,"column":2},"end":{"line":97,"column":3}},"5":{"start":{"line":83,"column":29},"end":{"line":83,"column":61}},"6":{"start":{"line":85,"column":4},"end":{"line":88,"column":5}},"7":{"start":{"line":86,"column":6},"end":{"line":86,"column":53}},"8":{"start":{"line":87,"column":6},"end":{"line":87,"column":13}},"9":{"start":{"line":90,"column":30},"end":{"line":90,"column":38}},"10":{"start":{"line":91,"column":23},"end":{"line":91,"column":43}},"11":{"start":{"line":92,"column":25},"end":{"line":92,"column":48}},"12":{"start":{"line":93,"column":4},"end":{"line":93,"column":39}},"13":{"start":{"line":95,"column":4},"end":{"line":95,"column":23}},"14":{"start":{"line":96,"column":4},"end":{"line":96,"column":63}},"15":{"start":{"line":78,"column":13},"end":{"line":78,"column":29}},"16":{"start":{"line":100,"column":27},"end":{"line":111,"column":2}},"17":{"start":{"line":103,"column":19},"end":{"line":111,"column":2}},"18":{"start":{"line":104,"column":2},"end":{"line":110,"column":3}},"19":{"start":{"line":105,"column":21},"end":{"line":105,"column":41}},"20":{"start":{"line":106,"column":4},"end":{"line":106,"column":23}},"21":{"start":{"line":109,"column":4},"end":{"line":109,"column":63}},"22":{"start":{"line":100,"column":13},"end":{"line":100,"column":27}},"23":{"start":{"line":113,"column":30},"end":{"line":129,"column":2}},"24":{"start":{"line":116,"column":19},"end":{"line":129,"column":2}},"25":{"start":{"line":117,"column":2},"end":{"line":128,"column":3}},"26":{"start":{"line":118,"column":22},"end":{"line":118,"column":35}},"27":{"start":{"line":119,"column":21},"end":{"line":119,"column":54}},"28":{"start":{"line":120,"column":4},"end":{"line":123,"column":5}},"29":{"start":{"line":121,"column":6},"end":{"line":121,"column":61}},"30":{"start":{"line":122,"column":6},"end":{"line":122,"column":13}},"31":{"start":{"line":124,"column":4},"end":{"line":124,"column":23}},"32":{"start":{"line":127,"column":4},"end":{"line":127,"column":63}},"33":{"start":{"line":113,"column":13},"end":{"line":113,"column":30}},"34":{"start":{"line":131,"column":29},"end":{"line":151,"column":2}},"35":{"start":{"line":134,"column":19},"end":{"line":151,"column":2}},"36":{"start":{"line":135,"column":2},"end":{"line":150,"column":3}},"37":{"start":{"line":136,"column":22},"end":{"line":136,"column":35}},"38":{"start":{"line":137,"column":27},"end":{"line":140,"column":null}},"39":{"start":{"line":142,"column":4},"end":{"line":145,"column":5}},"40":{"start":{"line":143,"column":6},"end":{"line":143,"column":61}},"41":{"start":{"line":144,"column":6},"end":{"line":144,"column":13}},"42":{"start":{"line":146,"column":4},"end":{"line":146,"column":29}},"43":{"start":{"line":149,"column":4},"end":{"line":149,"column":63}},"44":{"start":{"line":131,"column":13},"end":{"line":131,"column":29}},"45":{"start":{"line":153,"column":29},"end":{"line":165,"column":2}},"46":{"start":{"line":156,"column":19},"end":{"line":165,"column":2}},"47":{"start":{"line":157,"column":2},"end":{"line":164,"column":3}},"48":{"start":{"line":158,"column":22},"end":{"line":158,"column":35}},"49":{"start":{"line":159,"column":4},"end":{"line":159,"column":47}},"50":{"start":{"line":160,"column":4},"end":{"line":160,"column":24}},"51":{"start":{"line":163,"column":4},"end":{"line":163,"column":63}},"52":{"start":{"line":153,"column":13},"end":{"line":153,"column":29}}},"fnMap":{"0":{"name":"(anonymous_8)","decl":{"start":{"line":78,"column":29},"end":{"line":78,"column":null}},"loc":{"start":{"line":81,"column":19},"end":{"line":98,"column":2}}},"1":{"name":"(anonymous_9)","decl":{"start":{"line":81,"column":19},"end":{"line":81,"column":null}},"loc":{"start":{"line":81,"column":19},"end":{"line":98,"column":1}}},"2":{"name":"(anonymous_10)","decl":{"start":{"line":100,"column":27},"end":{"line":100,"column":null}},"loc":{"start":{"line":103,"column":19},"end":{"line":111,"column":2}}},"3":{"name":"(anonymous_11)","decl":{"start":{"line":103,"column":19},"end":{"line":103,"column":null}},"loc":{"start":{"line":103,"column":19},"end":{"line":111,"column":1}}},"4":{"name":"(anonymous_12)","decl":{"start":{"line":113,"column":30},"end":{"line":113,"column":null}},"loc":{"start":{"line":116,"column":19},"end":{"line":129,"column":2}}},"5":{"name":"(anonymous_13)","decl":{"start":{"line":116,"column":19},"end":{"line":116,"column":null}},"loc":{"start":{"line":116,"column":19},"end":{"line":129,"column":1}}},"6":{"name":"(anonymous_14)","decl":{"start":{"line":131,"column":29},"end":{"line":131,"column":null}},"loc":{"start":{"line":134,"column":19},"end":{"line":151,"column":2}}},"7":{"name":"(anonymous_15)","decl":{"start":{"line":134,"column":19},"end":{"line":134,"column":null}},"loc":{"start":{"line":134,"column":19},"end":{"line":151,"column":1}}},"8":{"name":"(anonymous_16)","decl":{"start":{"line":153,"column":29},"end":{"line":153,"column":null}},"loc":{"start":{"line":156,"column":19},"end":{"line":165,"column":2}}},"9":{"name":"(anonymous_17)","decl":{"start":{"line":156,"column":19},"end":{"line":156,"column":null}},"loc":{"start":{"line":156,"column":19},"end":{"line":165,"column":1}}}},"branchMap":{"0":{"loc":{"start":{"line":85,"column":4},"end":{"line":88,"column":5}},"type":"if","locations":[{"start":{"line":85,"column":4},"end":{"line":88,"column":5}}]},"1":{"loc":{"start":{"line":120,"column":4},"end":{"line":123,"column":5}},"type":"if","locations":[{"start":{"line":120,"column":4},"end":{"line":123,"column":5}}]},"2":{"loc":{"start":{"line":142,"column":4},"end":{"line":145,"column":5}},"type":"if","locations":[{"start":{"line":142,"column":4},"end":{"line":145,"column":5}}]}},"s":{"0":1,"1":1,"2":1,"3":0,"4":0,"5":0,"6":0,"7":0,"8":0,"9":0,"10":0,"11":0,"12":0,"13":0,"14":0,"15":1,"16":1,"17":2,"18":2,"19":2,"20":1,"21":1,"22":1,"23":1,"24":3,"25":3,"26":3,"27":3,"28":2,"29":1,"30":1,"31":1,"32":1,"33":1,"34":1,"35":3,"36":3,"37":3,"38":3,"39":2,"40":1,"41":1,"42":1,"43":1,"44":1,"45":1,"46":2,"47":2,"48":2,"49":2,"50":1,"51":1,"52":1},"f":{"0":0,"1":0,"2":2,"3":2,"4":3,"5":3,"6":3,"7":3,"8":2,"9":2},"b":{"0":[0],"1":[1],"2":[1]}}
,"/Users/uweradivine/MY_BRAND_BE/src/controllers/usersController.ts": {"path":"/Users/uweradivine/MY_BRAND_BE/src/controllers/usersController.ts","statementMap":{"0":{"start":{"line":3,"column":0},"end":{"line":3,"column":31}},"1":{"start":{"line":4,"column":0},"end":{"line":4,"column":28}},"2":{"start":{"line":5,"column":0},"end":{"line":5,"column":28}},"3":{"start":{"line":6,"column":0},"end":{"line":6,"column":23}},"4":{"start":{"line":9,"column":0},"end":{"line":9,"column":34}},"5":{"start":{"line":11,"column":0},"end":{"line":11,"column":16}},"6":{"start":{"line":13,"column":26},"end":{"line":48,"column":2}},"7":{"start":{"line":13,"column":64},"end":{"line":48,"column":2}},"8":{"start":{"line":14,"column":19},"end":{"line":14,"column":70}},"9":{"start":{"line":22,"column":2},"end":{"line":47,"column":3}},"10":{"start":{"line":23,"column":17},"end":{"line":23,"column":62}},"11":{"start":{"line":24,"column":4},"end":{"line":44,"column":5}},"12":{"start":{"line":25,"column":6},"end":{"line":27,"column":70}},"13":{"start":{"line":28,"column":6},"end":{"line":28,"column":13}},"14":{"start":{"line":30,"column":29},"end":{"line":30,"column":66}},"15":{"start":{"line":31,"column":22},"end":{"line":31,"column":73}},"16":{"start":{"line":32,"column":22},"end":{"line":32,"column":42}},"17":{"start":{"line":33,"column":6},"end":{"line":43,"column":7}},"18":{"start":{"line":34,"column":27},"end":{"line":34,"column":72}},"19":{"start":{"line":35,"column":28},"end":{"line":35,"column":61}},"20":{"start":{"line":36,"column":22},"end":{"line":38,"column":10}},"21":{"start":{"line":40,"column":8},"end":{"line":42,"column":11}},"22":{"start":{"line":46,"column":4},"end":{"line":46,"column":74}},"23":{"start":{"line":13,"column":13},"end":{"line":13,"column":26}},"24":{"start":{"line":50,"column":25},"end":{"line":96,"column":2}},"25":{"start":{"line":50,"column":63},"end":{"line":96,"column":2}},"26":{"start":{"line":51,"column":19},"end":{"line":51,"column":58}},"27":{"start":{"line":60,"column":2},"end":{"line":95,"column":3}},"28":{"start":{"line":61,"column":17},"end":{"line":61,"column":62}},"29":{"start":{"line":62,"column":4},"end":{"line":90,"column":5}},"30":{"start":{"line":63,"column":22},"end":{"line":65,"column":null}},"31":{"start":{"line":67,"column":6},"end":{"line":83,"column":7}},"32":{"start":{"line":68,"column":8},"end":{"line":72,"column":11}},"33":{"start":{"line":74,"column":27},"end":{"line":74,"column":72}},"34":{"start":{"line":75,"column":28},"end":{"line":75,"column":61}},"35":{"start":{"line":76,"column":22},"end":{"line":78,"column":10}},"36":{"start":{"line":80,"column":8},"end":{"line":82,"column":11}},"37":{"start":{"line":85,"column":6},"end":{"line":89,"column":9}},"38":{"start":{"line":92,"column":4},"end":{"line":94,"column":61}},"39":{"start":{"line":50,"column":13},"end":{"line":50,"column":25}}},"fnMap":{"0":{"name":"(anonymous_8)","decl":{"start":{"line":13,"column":26},"end":{"line":13,"column":33}},"loc":{"start":{"line":13,"column":64},"end":{"line":48,"column":2}}},"1":{"name":"(anonymous_9)","decl":{"start":{"line":13,"column":64},"end":{"line":13,"column":null}},"loc":{"start":{"line":13,"column":64},"end":{"line":48,"column":1}}},"2":{"name":"(anonymous_10)","decl":{"start":{"line":50,"column":25},"end":{"line":50,"column":32}},"loc":{"start":{"line":50,"column":63},"end":{"line":96,"column":2}}},"3":{"name":"(anonymous_11)","decl":{"start":{"line":50,"column":63},"end":{"line":50,"column":null}},"loc":{"start":{"line":50,"column":63},"end":{"line":96,"column":1}}}},"branchMap":{"0":{"loc":{"start":{"line":24,"column":4},"end":{"line":44,"column":5}},"type":"if","locations":[{"start":{"line":24,"column":4},"end":{"line":44,"column":5}},{"start":{"line":29,"column":11},"end":{"line":44,"column":5}}]},"1":{"loc":{"start":{"line":33,"column":6},"end":{"line":43,"column":7}},"type":"if","locations":[{"start":{"line":33,"column":6},"end":{"line":43,"column":7}}]},"2":{"loc":{"start":{"line":34,"column":27},"end":{"line":34,"column":72}},"type":"binary-expr","locations":[{"start":{"line":34,"column":27},"end":{"line":34,"column":60}},{"start":{"line":34,"column":64},"end":{"line":34,"column":72}}]},"3":{"loc":{"start":{"line":35,"column":28},"end":{"line":35,"column":61}},"type":"binary-expr","locations":[{"start":{"line":35,"column":28},"end":{"line":35,"column":53}},{"start":{"line":35,"column":57},"end":{"line":35,"column":61}}]},"4":{"loc":{"start":{"line":62,"column":4},"end":{"line":90,"column":5}},"type":"if","locations":[{"start":{"line":62,"column":4},"end":{"line":90,"column":5}},{"start":{"line":84,"column":11},"end":{"line":90,"column":5}}]},"5":{"loc":{"start":{"line":67,"column":6},"end":{"line":83,"column":7}},"type":"if","locations":[{"start":{"line":67,"column":6},"end":{"line":83,"column":7}},{"start":{"line":73,"column":13},"end":{"line":83,"column":7}}]},"6":{"loc":{"start":{"line":74,"column":27},"end":{"line":74,"column":72}},"type":"binary-expr","locations":[{"start":{"line":74,"column":27},"end":{"line":74,"column":60}},{"start":{"line":74,"column":64},"end":{"line":74,"column":72}}]},"7":{"loc":{"start":{"line":75,"column":28},"end":{"line":75,"column":61}},"type":"binary-expr","locations":[{"start":{"line":75,"column":28},"end":{"line":75,"column":53}},{"start":{"line":75,"column":57},"end":{"line":75,"column":61}}]}},"s":{"0":1,"1":1,"2":1,"3":1,"4":1,"5":1,"6":1,"7":0,"8":0,"9":0,"10":0,"11":0,"12":0,"13":0,"14":0,"15":0,"16":0,"17":0,"18":0,"19":0,"20":0,"21":0,"22":0,"23":1,"24":1,"25":0,"26":0,"27":0,"28":0,"29":0,"30":0,"31":0,"32":0,"33":0,"34":0,"35":0,"36":0,"37":0,"38":0,"39":1},"f":{"0":0,"1":0,"2":0,"3":0},"b":{"0":[0,0],"1":[0],"2":[0,0],"3":[0,0],"4":[0,0],"5":[0,0],"6":[0,0],"7":[0,0]}}
,"/Users/uweradivine/MY_BRAND_BE/src/image/cloudimage.ts": {"path":"/Users/uweradivine/MY_BRAND_BE/src/image/cloudimage.ts","statementMap":{"0":{"start":{"line":1,"column":0},"end":{"line":1,"column":46}},"1":{"start":{"line":3,"column":0},"end":{"line":7,"column":3}},"2":{"start":{"line":8,"column":0},"end":{"line":8,"column":26}}},"fnMap":{},"branchMap":{},"s":{"0":1,"1":1,"2":1},"f":{},"b":{}}
,"/Users/uweradivine/MY_BRAND_BE/src/middlewares/authenticateJWT.ts": {"path":"/Users/uweradivine/MY_BRAND_BE/src/middlewares/authenticateJWT.ts","statementMap":{"0":{"start":{"line":1,"column":0},"end":{"line":1,"column":28}},"1":{"start":{"line":4,"column":0},"end":{"line":4,"column":32}},"2":{"start":{"line":5,"column":0},"end":{"line":5,"column":34}},"3":{"start":{"line":6,"column":0},"end":{"line":6,"column":67}},"4":{"start":{"line":8,"column":0},"end":{"line":8,"column":16}},"5":{"start":{"line":10,"column":19},"end":{"line":13,"column":2}},"6":{"start":{"line":14,"column":0},"end":{"line":26,"column":2}},"7":{"start":{"line":15,"column":54},"end":{"line":25,"column":4}},"8":{"start":{"line":16,"column":4},"end":{"line":24,"column":5}},"9":{"start":{"line":17,"column":19},"end":{"line":17,"column":54}},"10":{"start":{"line":18,"column":6},"end":{"line":20,"column":7}},"11":{"start":{"line":19,"column":8},"end":{"line":19,"column":33}},"12":{"start":{"line":21,"column":6},"end":{"line":21,"column":30}},"13":{"start":{"line":23,"column":6},"end":{"line":23,"column":32}},"14":{"start":{"line":28,"column":31},"end":{"line":51,"column":1}},"15":{"start":{"line":33,"column":2},"end":{"line":50,"column":20}},"16":{"start":{"line":37,"column":6},"end":{"line":41,"column":7}},"17":{"start":{"line":38,"column":8},"end":{"line":40,"column":68}},"18":{"start":{"line":42,"column":6},"end":{"line":46,"column":7}},"19":{"start":{"line":43,"column":8},"end":{"line":45,"column":72}},"20":{"start":{"line":47,"column":6},"end":{"line":47,"column":22}},"21":{"start":{"line":48,"column":6},"end":{"line":48,"column":13}},"22":{"start":{"line":28,"column":13},"end":{"line":28,"column":31}},"23":{"start":{"line":53,"column":23},"end":{"line":71,"column":2}},"24":{"start":{"line":57,"column":4},"end":{"line":71,"column":2}},"25":{"start":{"line":58,"column":2},"end":{"line":60,"column":3}},"26":{"start":{"line":59,"column":4},"end":{"line":59,"column":42}},"27":{"start":{"line":62,"column":2},"end":{"line":64,"column":3}},"28":{"start":{"line":63,"column":4},"end":{"line":63,"column":42}},"29":{"start":{"line":66,"column":2},"end":{"line":70,"column":3}},"30":{"start":{"line":67,"column":4},"end":{"line":67,"column":11}},"31":{"start":{"line":69,"column":4},"end":{"line":69,"column":48}},"32":{"start":{"line":53,"column":13},"end":{"line":53,"column":23}}},"fnMap":{"0":{"name":"(anonymous_8)","decl":{"start":{"line":15,"column":30},"end":{"line":15,"column":37}},"loc":{"start":{"line":15,"column":54},"end":{"line":25,"column":4}}},"1":{"name":"(anonymous_9)","decl":{"start":{"line":15,"column":54},"end":{"line":15,"column":null}},"loc":{"start":{"line":15,"column":54},"end":{"line":25,"column":3}}},"2":{"name":"(anonymous_10)","decl":{"start":{"line":28,"column":31},"end":{"line":28,"column":null}},"loc":{"start":{"line":32,"column":4},"end":{"line":51,"column":1}}},"3":{"name":"(anonymous_11)","decl":{"start":{"line":36,"column":4},"end":{"line":36,"column":5}},"loc":{"start":{"line":36,"column":60},"end":{"line":49,"column":5}}},"4":{"name":"(anonymous_12)","decl":{"start":{"line":53,"column":23},"end":{"line":53,"column":null}},"loc":{"start":{"line":57,"column":4},"end":{"line":71,"column":2}}},"5":{"name":"(anonymous_13)","decl":{"start":{"line":57,"column":4},"end":{"line":57,"column":null}},"loc":{"start":{"line":57,"column":4},"end":{"line":71,"column":1}}}},"branchMap":{"0":{"loc":{"start":{"line":12,"column":15},"end":{"line":12,"column":49}},"type":"binary-expr","locations":[{"start":{"line":12,"column":15},"end":{"line":12,"column":37}},{"start":{"line":12,"column":41},"end":{"line":12,"column":49}}]},"1":{"loc":{"start":{"line":18,"column":6},"end":{"line":20,"column":7}},"type":"if","locations":[{"start":{"line":18,"column":6},"end":{"line":20,"column":7}}]},"2":{"loc":{"start":{"line":37,"column":6},"end":{"line":41,"column":7}},"type":"if","locations":[{"start":{"line":37,"column":6},"end":{"line":41,"column":7}}]},"3":{"loc":{"start":{"line":42,"column":6},"end":{"line":46,"column":7}},"type":"if","locations":[{"start":{"line":42,"column":6},"end":{"line":46,"column":7}}]},"4":{"loc":{"start":{"line":58,"column":2},"end":{"line":60,"column":3}},"type":"if","locations":[{"start":{"line":58,"column":2},"end":{"line":60,"column":3}}]},"5":{"loc":{"start":{"line":62,"column":2},"end":{"line":64,"column":3}},"type":"if","locations":[{"start":{"line":62,"column":2},"end":{"line":64,"column":3}}]},"6":{"loc":{"start":{"line":66,"column":2},"end":{"line":70,"column":3}},"type":"if","locations":[{"start":{"line":66,"column":2},"end":{"line":70,"column":3}},{"start":{"line":68,"column":9},"end":{"line":70,"column":3}}]}},"s":{"0":1,"1":1,"2":1,"3":1,"4":1,"5":1,"6":1,"7":0,"8":0,"9":0,"10":0,"11":0,"12":0,"13":0,"14":1,"15":5,"16":5,"17":0,"18":5,"19":5,"20":0,"21":0,"22":1,"23":1,"24":0,"25":0,"26":0,"27":0,"28":0,"29":0,"30":0,"31":0,"32":1},"f":{"0":0,"1":0,"2":5,"3":5,"4":0,"5":0},"b":{"0":[1,1],"1":[0],"2":[0],"3":[5],"4":[0],"5":[0],"6":[0,0]}}
,"/Users/uweradivine/MY_BRAND_BE/src/middlewares/imagemid.ts": {"path":"/Users/uweradivine/MY_BRAND_BE/src/middlewares/imagemid.ts","statementMap":{"0":{"start":{"line":1,"column":0},"end":{"line":1,"column":28}},"1":{"start":{"line":2,"column":0},"end":{"line":2,"column":24}},"2":{"start":{"line":4,"column":16},"end":{"line":4,"column":38}},"3":{"start":{"line":6,"column":19},"end":{"line":21,"column":1}},"4":{"start":{"line":11,"column":20},"end":{"line":11,"column":65}},"5":{"start":{"line":13,"column":2},"end":{"line":18,"column":3}},"6":{"start":{"line":16,"column":4},"end":{"line":16,"column":39}},"7":{"start":{"line":17,"column":4},"end":{"line":17,"column":11}},"8":{"start":{"line":20,"column":2},"end":{"line":20,"column":17}},"9":{"start":{"line":23,"column":15},"end":{"line":26,"column":2}},"10":{"start":{"line":28,"column":0},"end":{"line":28,"column":22}}},"fnMap":{"0":{"name":"(anonymous_1)","decl":{"start":{"line":6,"column":19},"end":{"line":6,"column":null}},"loc":{"start":{"line":10,"column":10},"end":{"line":21,"column":1}}}},"branchMap":{"0":{"loc":{"start":{"line":13,"column":2},"end":{"line":18,"column":3}},"type":"if","locations":[{"start":{"line":13,"column":2},"end":{"line":18,"column":3}}]},"1":{"loc":{"start":{"line":14,"column":6},"end":{"line":14,"column":75}},"type":"binary-expr","locations":[{"start":{"line":14,"column":6},"end":{"line":14,"column":26}},{"start":{"line":14,"column":30},"end":{"line":14,"column":51}},{"start":{"line":14,"column":55},"end":{"line":14,"column":75}}]}},"s":{"0":1,"1":1,"2":1,"3":1,"4":0,"5":0,"6":0,"7":0,"8":0,"9":1,"10":1},"f":{"0":0},"b":{"0":[0],"1":[0,0,0]}}
,"/Users/uweradivine/MY_BRAND_BE/src/models/Blog.ts": {"path":"/Users/uweradivine/MY_BRAND_BE/src/models/Blog.ts","statementMap":{"0":{"start":{"line":2,"column":0},"end":{"line":2,"column":41}},"1":{"start":{"line":4,"column":19},"end":{"line":14,"column":2}},"2":{"start":{"line":16,"column":13},"end":{"line":16,"column":38}},"3":{"start":{"line":18,"column":0},"end":{"line":18,"column":20}}},"fnMap":{},"branchMap":{},"s":{"0":1,"1":1,"2":1,"3":1},"f":{},"b":{}}
,"/Users/uweradivine/MY_BRAND_BE/src/models/Comment.ts": {"path":"/Users/uweradivine/MY_BRAND_BE/src/models/Comment.ts","statementMap":{"0":{"start":{"line":1,"column":0},"end":{"line":1,"column":47}},"1":{"start":{"line":12,"column":22},"end":{"line":19,"column":2}},"2":{"start":{"line":21,"column":17},"end":{"line":21,"column":59}},"3":{"start":{"line":23,"column":1},"end":{"line":23,"column":null}}},"fnMap":{},"branchMap":{},"s":{"0":1,"1":1,"2":1,"3":1},"f":{},"b":{}}
,"/Users/uweradivine/MY_BRAND_BE/src/models/Like.ts": {"path":"/Users/uweradivine/MY_BRAND_BE/src/models/Like.ts","statementMap":{"0":{"start":{"line":1,"column":0},"end":{"line":1,"column":54}},"1":{"start":{"line":8,"column":27},"end":{"line":11,"column":2}},"2":{"start":{"line":13,"column":0},"end":{"line":13,"column":56}}},"fnMap":{},"branchMap":{},"s":{"0":1,"1":1,"2":1},"f":{},"b":{}}
,"/Users/uweradivine/MY_BRAND_BE/src/models/Message.ts": {"path":"/Users/uweradivine/MY_BRAND_BE/src/models/Message.ts","statementMap":{"0":{"start":{"line":2,"column":0},"end":{"line":2,"column":54}},"1":{"start":{"line":11,"column":30},"end":{"line":16,"column":2}},"2":{"start":{"line":18,"column":0},"end":{"line":18,"column":66}}},"fnMap":{},"branchMap":{},"s":{"0":1,"1":1,"2":1},"f":{},"b":{}}
,"/Users/uweradivine/MY_BRAND_BE/src/models/User.ts": {"path":"/Users/uweradivine/MY_BRAND_BE/src/models/User.ts","statementMap":{"0":{"start":{"line":1,"column":0},"end":{"line":1,"column":32}},"1":{"start":{"line":11,"column":19},"end":{"line":32,"column":2}},"2":{"start":{"line":34,"column":0},"end":{"line":34,"column":50}}},"fnMap":{},"branchMap":{},"s":{"0":1,"1":1,"2":1},"f":{},"b":{}}
,"/Users/uweradivine/MY_BRAND_BE/src/routes/blogRoutes.ts": {"path":"/Users/uweradivine/MY_BRAND_BE/src/routes/blogRoutes.ts","statementMap":{"0":{"start":{"line":1,"column":0},"end":{"line":1,"column":30}},"1":{"start":{"line":2,"column":0},"end":{"line":2,"column":65}},"2":{"start":{"line":3,"column":0},"end":{"line":3,"column":64}},"3":{"start":{"line":4,"column":0},"end":{"line":4,"column":45}},"4":{"start":{"line":7,"column":15},"end":{"line":7,"column":31}},"5":{"start":{"line":10,"column":0},"end":{"line":10,"column":82}},"6":{"start":{"line":11,"column":0},"end":{"line":11,"column":40}},"7":{"start":{"line":12,"column":0},"end":{"line":12,"column":62}},"8":{"start":{"line":13,"column":0},"end":{"line":13,"column":64}},"9":{"start":{"line":14,"column":0},"end":{"line":14,"column":65}},"10":{"start":{"line":16,"column":0},"end":{"line":16,"column":22}}},"fnMap":{},"branchMap":{},"s":{"0":1,"1":1,"2":1,"3":1,"4":1,"5":1,"6":1,"7":1,"8":1,"9":1,"10":1},"f":{},"b":{}}
,"/Users/uweradivine/MY_BRAND_BE/src/routes/commentRoutes.ts": {"path":"/Users/uweradivine/MY_BRAND_BE/src/routes/commentRoutes.ts","statementMap":{"0":{"start":{"line":2,"column":0},"end":{"line":2,"column":42}},"1":{"start":{"line":3,"column":0},"end":{"line":3,"column":116}},"2":{"start":{"line":5,"column":23},"end":{"line":5,"column":39}},"3":{"start":{"line":8,"column":0},"end":{"line":8,"column":44}},"4":{"start":{"line":11,"column":0},"end":{"line":11,"column":49}},"5":{"start":{"line":14,"column":0},"end":{"line":14,"column":43}},"6":{"start":{"line":17,"column":0},"end":{"line":17,"column":46}},"7":{"start":{"line":19,"column":0},"end":{"line":19,"column":22}}},"fnMap":{},"branchMap":{},"s":{"0":1,"1":1,"2":1,"3":1,"4":1,"5":1,"6":1,"7":1},"f":{},"b":{}}
,"/Users/uweradivine/MY_BRAND_BE/src/routes/likeRoutes.ts": {"path":"/Users/uweradivine/MY_BRAND_BE/src/routes/likeRoutes.ts","statementMap":{"0":{"start":{"line":1,"column":0},"end":{"line":1,"column":30}},"1":{"start":{"line":2,"column":0},"end":{"line":2,"column":68}},"2":{"start":{"line":4,"column":15},"end":{"line":4,"column":31}},"3":{"start":{"line":6,"column":0},"end":{"line":6,"column":38}},"4":{"start":{"line":7,"column":0},"end":{"line":7,"column":null}},"5":{"start":{"line":10,"column":0},"end":{"line":10,"column":22}}},"fnMap":{},"branchMap":{},"s":{"0":1,"1":1,"2":1,"3":1,"4":1,"5":1},"f":{},"b":{}}
,"/Users/uweradivine/MY_BRAND_BE/src/routes/messageRoutes.ts": {"path":"/Users/uweradivine/MY_BRAND_BE/src/routes/messageRoutes.ts","statementMap":{"0":{"start":{"line":2,"column":0},"end":{"line":2,"column":30}},"1":{"start":{"line":3,"column":0},"end":{"line":3,"column":70}},"2":{"start":{"line":5,"column":15},"end":{"line":5,"column":31}},"3":{"start":{"line":7,"column":0},"end":{"line":7,"column":49}},"4":{"start":{"line":8,"column":0},"end":{"line":8,"column":47}},"5":{"start":{"line":9,"column":0},"end":{"line":9,"column":53}},"6":{"start":{"line":10,"column":0},"end":{"line":10,"column":52}},"7":{"start":{"line":11,"column":0},"end":{"line":11,"column":55}},"8":{"start":{"line":13,"column":0},"end":{"line":13,"column":22}}},"fnMap":{},"branchMap":{},"s":{"0":1,"1":1,"2":1,"3":1,"4":1,"5":1,"6":1,"7":1,"8":1},"f":{},"b":{}}
,"/Users/uweradivine/MY_BRAND_BE/src/routes/userroutes.ts": {"path":"/Users/uweradivine/MY_BRAND_BE/src/routes/userroutes.ts","statementMap":{"0":{"start":{"line":2,"column":0},"end":{"line":2,"column":31}},"1":{"start":{"line":3,"column":0},"end":{"line":3,"column":56}},"2":{"start":{"line":4,"column":15},"end":{"line":4,"column":23}},"3":{"start":{"line":5,"column":0},"end":{"line":5,"column":41}},"4":{"start":{"line":6,"column":0},"end":{"line":6,"column":39}},"5":{"start":{"line":8,"column":0},"end":{"line":8,"column":22}}},"fnMap":{},"branchMap":{},"s":{"0":1,"1":1,"2":1,"3":1,"4":1,"5":1},"f":{},"b":{}}
,"/Users/uweradivine/MY_BRAND_BE/src/validators/BlogValidationSchema.ts": {"path":"/Users/uweradivine/MY_BRAND_BE/src/validators/BlogValidationSchema.ts","statementMap":{"0":{"start":{"line":1,"column":0},"end":{"line":1,"column":22}},"1":{"start":{"line":3,"column":13},"end":{"line":6,"column":3}}},"fnMap":{},"branchMap":{},"s":{"0":1,"1":1},"f":{},"b":{}}
,"/Users/uweradivine/MY_BRAND_BE/src/validators/commentValidators.ts": {"path":"/Users/uweradivine/MY_BRAND_BE/src/validators/commentValidators.ts","statementMap":{"0":{"start":{"line":1,"column":0},"end":{"line":1,"column":22}},"1":{"start":{"line":3,"column":13},"end":{"line":9,"column":3}}},"fnMap":{},"branchMap":{},"s":{"0":1,"1":1},"f":{},"b":{}}
,"/Users/uweradivine/MY_BRAND_BE/src/validators/likeValidators.ts": {"path":"/Users/uweradivine/MY_BRAND_BE/src/validators/likeValidators.ts","statementMap":{"0":{"start":{"line":1,"column":0},"end":{"line":1,"column":22}},"1":{"start":{"line":3,"column":13},"end":{"line":6,"column":3}}},"fnMap":{},"branchMap":{},"s":{"0":1,"1":1},"f":{},"b":{}}
,"/Users/uweradivine/MY_BRAND_BE/src/validators/messageValidators.ts": {"path":"/Users/uweradivine/MY_BRAND_BE/src/validators/messageValidators.ts","statementMap":{"0":{"start":{"line":1,"column":0},"end":{"line":1,"column":22}},"1":{"start":{"line":3,"column":13},"end":{"line":7,"column":3}}},"fnMap":{},"branchMap":{},"s":{"0":1,"1":1},"f":{},"b":{}}
}
