TN:
SF:src\app.ts
FNF:0
FNH:0
DA:2,1
DA:3,1
DA:4,1
DA:5,1
DA:6,1
DA:7,1
DA:9,1
DA:10,1
DA:11,1
DA:12,1
DA:14,1
DA:15,1
DA:16,1
DA:17,1
DA:18,1
DA:19,1
DA:20,1
DA:21,1
DA:23,1
LF:19
LH:19
BRF:0
BRH:0
end_of_record
TN:
SF:src\controllers\blogController.ts
FN:20,(anonymous_8)
FN:22,(anonymous_9)
FN:31,(anonymous_10)
FN:31,(anonymous_11)
FN:39,(anonymous_12)
FN:39,(anonymous_13)
FN:44,(anonymous_14)
FN:44,(anonymous_15)
FN:69,(anonymous_16)
FN:69,(anonymous_17)
FN:78,(anonymous_18)
FN:78,(anonymous_19)
FN:90,(anonymous_20)
FN:90,(anonymous_21)
FN:101,(anonymous_22)
FN:101,(anonymous_23)
FNF:16
FNH:2
FNDA:0,(anonymous_8)
FNDA:0,(anonymous_9)
FNDA:0,(anonymous_10)
FNDA:0,(anonymous_11)
FNDA:0,(anonymous_12)
FNDA:0,(anonymous_13)
FNDA:0,(anonymous_14)
FNDA:0,(anonymous_15)
FNDA:1,(anonymous_16)
FNDA:1,(anonymous_17)
FNDA:0,(anonymous_18)
FNDA:0,(anonymous_19)
FNDA:0,(anonymous_20)
FNDA:0,(anonymous_21)
FNDA:0,(anonymous_22)
FNDA:0,(anonymous_23)
DA:2,1
DA:3,1
DA:4,1
DA:5,1
DA:7,1
DA:20,1
DA:22,0
DA:23,0
DA:24,0
DA:25,0
DA:27,0
DA:31,1
DA:33,0
DA:39,1
DA:41,0
DA:44,1
DA:45,0
DA:46,0
DA:48,0
DA:49,0
DA:50,0
DA:53,0
DA:54,0
DA:56,0
DA:57,0
DA:63,0
DA:65,0
DA:69,1
DA:70,1
DA:71,1
DA:72,1
DA:74,0
DA:78,1
DA:79,0
DA:80,0
DA:81,0
DA:82,0
DA:84,0
DA:86,0
DA:90,1
DA:91,0
DA:92,0
DA:95,0
DA:97,0
DA:101,1
DA:102,0
DA:103,0
DA:104,0
DA:106,0
LF:49
LH:16
BRDA:49,0,0,0
BRDA:53,1,0,0
BRDA:81,2,0,0
BRF:3
BRH:0
end_of_record
TN:
SF:src\controllers\commentController.ts
FN:135,(anonymous_8)
FN:140,(anonymous_9)
FN:148,(anonymous_10)
FN:161,(anonymous_11)
FN:161,(anonymous_12)
FN:190,(anonymous_13)
FN:190,(anonymous_14)
FN:201,(anonymous_15)
FN:201,(anonymous_16)
FN:214,(anonymous_17)
FN:214,(anonymous_18)
FNF:11
FNH:8
FNDA:1,(anonymous_8)
FNDA:1,(anonymous_9)
FNDA:0,(anonymous_10)
FNDA:1,(anonymous_11)
FNDA:1,(anonymous_12)
FNDA:1,(anonymous_13)
FNDA:1,(anonymous_14)
FNDA:0,(anonymous_15)
FNDA:0,(anonymous_16)
FNDA:1,(anonymous_17)
FNDA:1,(anonymous_18)
DA:117,1
DA:118,1
DA:136,1
DA:137,1
DA:141,1
DA:148,1
DA:149,0
DA:151,0
DA:153,0
DA:156,0
DA:159,1
DA:161,1
DA:162,1
DA:163,1
DA:164,1
DA:166,1
DA:167,1
DA:170,0
DA:171,0
DA:172,0
DA:179,0
DA:180,0
DA:186,0
DA:190,1
DA:191,1
DA:192,1
DA:193,1
DA:194,1
DA:196,0
DA:197,0
DA:201,1
DA:202,0
DA:203,0
DA:204,0
DA:206,0
DA:207,0
DA:209,0
DA:210,0
DA:214,1
DA:215,1
DA:216,1
DA:217,1
DA:218,0
DA:221,1
LF:44
LH:24
BRDA:151,0,0,0
BRDA:151,1,0,0
BRDA:151,1,1,0
BRDA:166,2,0,1
BRF:4
BRH:1
end_of_record
TN:
SF:src\controllers\likeController.ts
FN:5,(anonymous_8)
FN:5,(anonymous_9)
FN:20,(anonymous_10)
FN:20,(anonymous_11)
FN:31,(anonymous_12)
FN:31,(anonymous_13)
FNF:6
FNH:2
FNDA:3,(anonymous_8)
FNDA:3,(anonymous_9)
FNDA:0,(anonymous_10)
FNDA:0,(anonymous_11)
FNDA:0,(anonymous_12)
FNDA:0,(anonymous_13)
DA:2,1
DA:3,1
DA:5,3
DA:6,3
DA:7,3
DA:8,3
DA:9,3
DA:10,2
DA:13,1
DA:14,1
DA:15,1
DA:17,2
DA:20,1
DA:21,0
DA:22,0
DA:23,0
DA:26,0
DA:28,0
DA:31,1
DA:32,0
DA:33,0
DA:35,0
DA:37,0
DA:39,0
DA:41,0
DA:44,0
LF:26
LH:14
BRDA:9,0,0,2
BRF:1
BRH:1
end_of_record
TN:
SF:src\controllers\messageController.ts
FN:78,(anonymous_8)
FN:81,(anonymous_9)
FN:100,(anonymous_10)
FN:103,(anonymous_11)
FN:113,(anonymous_12)
FN:116,(anonymous_13)
FN:131,(anonymous_14)
FN:134,(anonymous_15)
FN:153,(anonymous_16)
FN:156,(anonymous_17)
FNF:10
FNH:8
FNDA:0,(anonymous_8)
FNDA:0,(anonymous_9)
FNDA:2,(anonymous_10)
FNDA:2,(anonymous_11)
FNDA:3,(anonymous_12)
FNDA:3,(anonymous_13)
FNDA:3,(anonymous_14)
FNDA:3,(anonymous_15)
FNDA:2,(anonymous_16)
FNDA:2,(anonymous_17)
DA:75,1
DA:76,1
DA:78,1
DA:81,0
DA:82,0
DA:83,0
DA:85,0
DA:86,0
DA:87,0
DA:90,0
DA:91,0
DA:92,0
DA:93,0
DA:95,0
DA:96,0
DA:100,1
DA:103,2
DA:104,2
DA:105,2
DA:106,1
DA:109,1
DA:113,1
DA:116,3
DA:117,3
DA:118,3
DA:119,3
DA:120,2
DA:121,1
DA:122,1
DA:124,1
DA:127,1
DA:131,1
DA:134,3
DA:135,3
DA:136,3
DA:137,3
DA:142,2
DA:143,1
DA:144,1
DA:146,1
DA:149,1
DA:153,1
DA:156,2
DA:157,2
DA:158,2
DA:159,2
DA:160,1
DA:163,1
LF:48
LH:36
BRDA:85,0,0,0
BRDA:120,1,0,1
BRDA:142,2,0,1
BRF:3
BRH:2
end_of_record
TN:
SF:src\controllers\usersController.ts
FN:13,(anonymous_8)
FN:13,(anonymous_9)
FN:50,(anonymous_10)
FN:50,(anonymous_11)
FNF:4
FNH:0
FNDA:0,(anonymous_8)
FNDA:0,(anonymous_9)
FNDA:0,(anonymous_10)
FNDA:0,(anonymous_11)
DA:3,1
DA:4,1
DA:5,1
DA:6,1
DA:9,1
DA:11,1
DA:13,1
DA:14,0
DA:22,0
DA:23,0
DA:24,0
DA:25,0
DA:28,0
DA:30,0
DA:31,0
DA:32,0
DA:33,0
DA:34,0
DA:35,0
DA:36,0
DA:40,0
DA:46,0
DA:50,1
DA:51,0
DA:60,0
DA:61,0
DA:62,0
DA:63,0
DA:67,0
DA:68,0
DA:74,0
DA:75,0
DA:76,0
DA:80,0
DA:85,0
DA:92,0
LF:36
LH:8
BRDA:24,0,0,0
BRDA:24,0,1,0
BRDA:33,1,0,0
BRDA:34,2,0,0
BRDA:34,2,1,0
BRDA:35,3,0,0
BRDA:35,3,1,0
BRDA:62,4,0,0
BRDA:62,4,1,0
BRDA:67,5,0,0
BRDA:67,5,1,0
BRDA:74,6,0,0
BRDA:74,6,1,0
BRDA:75,7,0,0
BRDA:75,7,1,0
BRF:15
BRH:0
end_of_record
TN:
SF:src\image\cloudimage.ts
FNF:0
FNH:0
DA:1,1
DA:3,1
DA:8,1
LF:3
LH:3
BRF:0
BRH:0
end_of_record
TN:
SF:src\middlewares\authenticateJWT.ts
FN:15,(anonymous_8)
FN:15,(anonymous_9)
FN:28,(anonymous_10)
FN:36,(anonymous_11)
FN:53,(anonymous_12)
FN:57,(anonymous_13)
FNF:6
FNH:2
FNDA:0,(anonymous_8)
FNDA:0,(anonymous_9)
FNDA:5,(anonymous_10)
FNDA:5,(anonymous_11)
FNDA:0,(anonymous_12)
FNDA:0,(anonymous_13)
DA:1,1
DA:4,1
DA:5,1
DA:6,1
DA:8,1
DA:10,1
DA:14,1
DA:15,0
DA:16,0
DA:17,0
DA:18,0
DA:19,0
DA:21,0
DA:23,0
DA:28,1
DA:33,5
DA:37,5
DA:38,0
DA:42,5
DA:43,5
DA:47,0
DA:48,0
DA:53,1
DA:57,0
DA:58,0
DA:59,0
DA:62,0
DA:63,0
DA:66,0
DA:67,0
DA:69,0
LF:31
LH:13
BRDA:12,0,0,1
BRDA:12,0,1,1
BRDA:18,1,0,0
BRDA:37,2,0,0
BRDA:42,3,0,5
BRDA:58,4,0,0
BRDA:62,5,0,0
BRDA:66,6,0,0
BRDA:66,6,1,0
BRF:9
BRH:3
end_of_record
TN:
SF:src\middlewares\imagemid.ts
FN:6,(anonymous_1)
FNF:1
FNH:0
FNDA:0,(anonymous_1)
DA:1,1
DA:2,1
DA:4,1
DA:6,1
DA:11,0
DA:13,0
DA:16,0
DA:17,0
DA:20,0
DA:23,1
DA:28,1
LF:11
LH:6
BRDA:13,0,0,0
BRDA:14,1,0,0
BRDA:14,1,1,0
BRDA:14,1,2,0
BRF:4
BRH:0
end_of_record
TN:
SF:src\models\Blog.ts
FNF:0
FNH:0
DA:2,1
DA:4,1
DA:16,1
DA:18,1
LF:4
LH:4
BRF:0
BRH:0
end_of_record
TN:
SF:src\models\Comment.ts
FNF:0
FNH:0
DA:1,1
DA:12,1
DA:21,1
DA:23,1
LF:4
LH:4
BRF:0
BRH:0
end_of_record
TN:
SF:src\models\Like.ts
FNF:0
FNH:0
DA:1,1
DA:8,1
DA:13,1
LF:3
LH:3
BRF:0
BRH:0
end_of_record
TN:
SF:src\models\Message.ts
FNF:0
FNH:0
DA:2,1
DA:11,1
DA:18,1
LF:3
LH:3
BRF:0
BRH:0
end_of_record
TN:
SF:src\models\User.ts
FNF:0
FNH:0
DA:1,1
DA:11,1
DA:34,1
LF:3
LH:3
BRF:0
BRH:0
end_of_record
TN:
SF:src\routes\blogRoutes.ts
FNF:0
FNH:0
DA:1,1
DA:2,1
DA:3,1
DA:4,1
DA:7,1
DA:10,1
DA:11,1
DA:12,1
DA:13,1
DA:14,1
DA:16,1
LF:11
LH:11
BRF:0
BRH:0
end_of_record
TN:
SF:src\routes\commentRoutes.ts
FNF:0
FNH:0
DA:2,1
DA:3,1
DA:5,1
DA:8,1
DA:11,1
DA:14,1
DA:17,1
DA:19,1
LF:8
LH:8
BRF:0
BRH:0
end_of_record
TN:
SF:src\routes\likeRoutes.ts
FNF:0
FNH:0
DA:1,1
DA:2,1
DA:4,1
DA:6,1
DA:7,1
DA:10,1
LF:6
LH:6
BRF:0
BRH:0
end_of_record
TN:
SF:src\routes\messageRoutes.ts
FNF:0
FNH:0
DA:2,1
DA:3,1
DA:5,1
DA:7,1
DA:8,1
DA:9,1
DA:10,1
DA:11,1
DA:13,1
LF:9
LH:9
BRF:0
BRH:0
end_of_record
TN:
SF:src\routes\userroutes.ts
FNF:0
FNH:0
DA:2,1
DA:3,1
DA:4,1
DA:5,1
DA:6,1
DA:8,1
LF:6
LH:6
BRF:0
BRH:0
end_of_record
TN:
SF:src\validators\BlogValidationSchema.ts
FNF:0
FNH:0
DA:1,1
DA:3,1
LF:2
LH:2
BRF:0
BRH:0
end_of_record
TN:
SF:src\validators\commentValidators.ts
FNF:0
FNH:0
DA:1,1
DA:3,1
LF:2
LH:2
BRF:0
BRH:0
end_of_record
TN:
SF:src\validators\likeValidators.ts
FNF:0
FNH:0
DA:1,1
DA:3,1
LF:2
LH:2
BRF:0
BRH:0
end_of_record
TN:
SF:src\validators\messageValidators.ts
FNF:0
FNH:0
DA:1,1
DA:3,1
LF:2
LH:2
BRF:0
BRH:0
end_of_record
